# JRE version: OpenJDK Runtime Environment Temurin-17.0.7+7 (17.0.7+7) (build 17.0.7+7)
# Java VM: OpenJDK 64-Bit Server VM Temurin-17.0.7+7 (17.0.7+7, mixed mode, tiered, compressed oops, compressed class ptrs, g1 gc, windows-amd64)
GC Precious Log:
 CPUs: 4 total, 4 available
 Memory: 3964M
 Large Page Support: Disabled
 NUMA Support: Disabled
 Compressed Oops: Enabled (32-bit)
 Heap Region Size: 1M
 Heap Min Capacity: 8M
 Heap Initial Capacity: 62M
 Heap Max Capacity: 992M
 Pre-touch: Disabled
 Parallel Workers: 4
 Concurrent Workers: 1
 Concurrent Refinement Workers: 4
 Periodic GC: Disabled
Heap:
 garbage-first heap   total 37888K, used 19041K [0x00000000c2000000, 0x0000000100000000)
  region size 1024K, 8 young (8192K), 2 survivors (2048K)
 Metaspace       used 30740K, committed 31040K, reserved 1114112K
  class space    used 3523K, committed 3648K, reserved 1048576K
GC Heap History (16 events):
Event: 2.182 GC heap before
{Heap before GC invocations=0 (full 0):
 garbage-first heap   total 63488K, used 14336K [0x00000000c2000000, 0x0000000100000000)
  region size 1024K, 13 young (13312K), 0 survivors (0K)
 Metaspace       used 10494K, committed 10624K, reserved 1114112K
  class space    used 968K, committed 1024K, reserved 1048576K
}
Event: 2.190 GC heap after
{Heap after GC invocations=1 (full 0):
 garbage-first heap   total 63488K, used 5921K [0x00000000c2000000, 0x0000000100000000)
  region size 1024K, 2 young (2048K), 2 survivors (2048K)
 Metaspace       used 10494K, committed 10624K, reserved 1114112K
  class space    used 968K, committed 1024K, reserved 1048576K
}
Event: 3.152 GC heap before
{Heap before GC invocations=1 (full 0):
 garbage-first heap   total 63488K, used 15137K [0x00000000c2000000, 0x0000000100000000)
  region size 1024K, 12 young (12288K), 2 survivors (2048K)
 Metaspace       used 13490K, committed 13760K, reserved 1114112K
  class space    used 1337K, committed 1472K, reserved 1048576K
}
Event: 3.156 GC heap after
{Heap after GC invocations=2 (full 0):
 garbage-first heap   total 63488K, used 6693K [0x00000000c2000000, 0x0000000100000000)
  region size 1024K, 1 young (1024K), 1 survivors (1024K)
 Metaspace       used 13490K, committed 13760K, reserved 1114112K
  class space    used 1337K, committed 1472K, reserved 1048576K
}
Event: 5.325 GC heap before
{Heap before GC invocations=2 (full 0):
 garbage-first heap   total 63488K, used 28197K [0x00000000c2000000, 0x0000000100000000)
  region size 1024K, 23 young (23552K), 1 survivors (1024K)
 Metaspace       used 19806K, committed 20032K, reserved 1114112K
  class space    used 2107K, committed 2176K, reserved 1048576K
}
Event: 5.331 GC heap after
{Heap after GC invocations=3 (full 0):
 garbage-first heap   total 63488K, used 8380K [0x00000000c2000000, 0x0000000100000000)
  region size 1024K, 3 young (3072K), 3 survivors (3072K)
 Metaspace       used 19806K, committed 20032K, reserved 1114112K
  class space    used 2107K, committed 2176K, reserved 1048576K
}
Event: 5.570 GC heap before
{Heap before GC invocations=3 (full 0):
 garbage-first heap   total 63488K, used 11452K [0x00000000c2000000, 0x0000000100000000)
  region size 1024K, 8 young (8192K), 3 survivors (3072K)
 Metaspace       used 21327K, committed 21504K, reserved 1114112K
  class space    used 2254K, committed 2368K, reserved 1048576K
}
Event: 5.576 GC heap after
{Heap after GC invocations=4 (full 0):
 garbage-first heap   total 63488K, used 9009K [0x00000000c2000000, 0x0000000100000000)
  region size 1024K, 3 young (3072K), 3 survivors (3072K)
 Metaspace       used 21327K, committed 21504K, reserved 1114112K
  class space    used 2254K, committed 2368K, reserved 1048576K
}
Event: 7.243 GC heap before
{Heap before GC invocations=5 (full 0):
 garbage-first heap   total 37888K, used 25393K [0x00000000c2000000, 0x0000000100000000)
  region size 1024K, 21 young (21504K), 3 survivors (3072K)
 Metaspace       used 25525K, committed 25856K, reserved 1114112K
  class space    used 2847K, committed 3008K, reserved 1048576K
}
Event: 7.254 GC heap after
{Heap after GC invocations=6 (full 0):
 garbage-first heap   total 37888K, used 10870K [0x00000000c2000000, 0x0000000100000000)
  region size 1024K, 3 young (3072K), 3 survivors (3072K)
 Metaspace       used 25525K, committed 25856K, reserved 1114112K
  class space    used 2847K, committed 3008K, reserved 1048576K
}
Event: 8.518 GC heap before
{Heap before GC invocations=6 (full 0):
 garbage-first heap   total 37888K, used 23158K [0x00000000c2000000, 0x0000000100000000)
  region size 1024K, 15 young (15360K), 3 survivors (3072K)
 Metaspace       used 26914K, committed 27200K, reserved 1114112K
  class space    used 2998K, committed 3136K, reserved 1048576K
}
Event: 8.527 GC heap after
{Heap after GC invocations=7 (full 0):
 garbage-first heap   total 37888K, used 12219K [0x00000000c2000000, 0x0000000100000000)
  region size 1024K, 2 young (2048K), 2 survivors (2048K)
 Metaspace       used 26914K, committed 27200K, reserved 1114112K
  class space    used 2998K, committed 3136K, reserved 1048576K
}
Event: 10.633 GC heap before
{Heap before GC invocations=7 (full 0):
 garbage-first heap   total 37888K, used 24507K [0x00000000c2000000, 0x0000000100000000)
  region size 1024K, 14 young (14336K), 2 survivors (2048K)
 Metaspace       used 28001K, committed 28288K, reserved 1114112K
  class space    used 3129K, committed 3264K, reserved 1048576K
}
Event: 10.637 GC heap after
{Heap after GC invocations=8 (full 0):
 garbage-first heap   total 37888K, used 13145K [0x00000000c2000000, 0x0000000100000000)
  region size 1024K, 1 young (1024K), 1 survivors (1024K)
 Metaspace       used 28001K, committed 28288K, reserved 1114112K
  class space    used 3129K, committed 3264K, reserved 1048576K
}
Event: 11.937 GC heap before
{Heap before GC invocations=8 (full 0):
 garbage-first heap   total 37888K, used 25433K [0x00000000c2000000, 0x0000000100000000)
  region size 1024K, 13 young (13312K), 1 survivors (1024K)
 Metaspace       used 29881K, committed 30144K, reserved 1114112K
  class space    used 3397K, committed 3520K, reserved 1048576K
}
Event: 11.947 GC heap after
{Heap after GC invocations=9 (full 0):
 garbage-first heap   total 37888K, used 13921K [0x00000000c2000000, 0x0000000100000000)
  region size 1024K, 2 young (2048K), 2 survivors (2048K)
 Metaspace       used 29881K, committed 30144K, reserved 1114112K
  class space    used 3397K, committed 3520K, reserved 1048576K
}

